<?xml version="1.0" encoding="UTF-8"?>
<!-- Generated by org.testng.reporters.JUnitXMLReporter -->
<testsuite ignored="3" hostname="DESKTOP-2IFVM62" failures="0" tests="1" name="Default test(failed)" time="23.065" errors="0" timestamp="2022-08-02T21:58:00 PDT">
  <testcase classname="com.obsqura.scripts.TestClass" name="invalidLogin3" time="0.569"/>
  <testcase classname="com.obsqura.scripts.TestClass" name="invalidLogin2" time="0.0">
    <ignored/>
  </testcase> <!-- invalidLogin2 -->
  <testcase classname="com.obsqura.scripts.TestClass" name="invalidLogin1" time="0.0">
    <ignored/>
  </testcase> <!-- invalidLogin1 -->
  <testcase classname="com.obsqura.scripts.TestClass" name="verifyLogin" time="0.0">
    <ignored/>
  </testcase> <!-- verifyLogin -->
</testsuite> <!-- Default test(failed) -->
